Fri Sep 30 17:30:53 PDT 2011: Creating new db @ /Users/thaiyoshi/src/techgraph/db/neostore
Fri Sep 30 17:30:54 PDT 2011: Opened [/Users/thaiyoshi/src/techgraph/db/nioneo_logical.log.1] clean empty log, version=0
Fri Sep 30 17:30:54 PDT 2011: Opened [/Users/thaiyoshi/src/techgraph/db/lucene/lucene.log.1] clean empty log, version=0
Fri Sep 30 17:30:54 PDT 2011: Opened [/Users/thaiyoshi/src/techgraph/db/lucene-fulltext/lucene.log.1] clean empty log, version=0
Fri Sep 30 17:30:54 PDT 2011: Opened [/Users/thaiyoshi/src/techgraph/db/index/lucene.log.1] clean empty log, version=0
Fri Sep 30 17:30:54 PDT 2011: TM new log: tm_tx_log.1
Fri Sep 30 17:30:54 PDT 2011: --- CONFIGURATION START ---
Fri Sep 30 17:30:54 PDT 2011: Physical mem: 8192MB, Heap size: 493MB
Fri Sep 30 17:30:54 PDT 2011: Kernel version: Neo4j - Graph Database Kernel 1.4.1
Fri Sep 30 17:30:54 PDT 2011: Neo4j - Graph Database Kernel 1.4.1
Fri Sep 30 17:30:54 PDT 2011: Operating System: Mac OS X; version: 10.7.1; arch: x86_64; cpus: 4
Fri Sep 30 17:30:54 PDT 2011: VM Name: Java HotSpot(TM) 64-Bit Server VM
Fri Sep 30 17:30:54 PDT 2011: VM Vendor: Apple Inc.
Fri Sep 30 17:30:54 PDT 2011: VM Version: 20.1-b02-383
Fri Sep 30 17:30:54 PDT 2011: Boot Class Path: /System/Library/Java/JavaVirtualMachines/1.6.0.jdk/Contents/Classes/jsfd.jar:/System/Library/Java/JavaVirtualMachines/1.6.0.jdk/Contents/Classes/classes.jar:/System/Library/Frameworks/JavaVM.framework/Frameworks/JavaRuntimeSupport.framework/Resources/Java/JavaRuntimeSupport.jar:/System/Library/Java/JavaVirtualMachines/1.6.0.jdk/Contents/Classes/ui.jar:/System/Library/Java/JavaVirtualMachines/1.6.0.jdk/Contents/Classes/laf.jar:/System/Library/Java/JavaVirtualMachines/1.6.0.jdk/Contents/Classes/sunrsasign.jar:/System/Library/Java/JavaVirtualMachines/1.6.0.jdk/Contents/Classes/jsse.jar:/System/Library/Java/JavaVirtualMachines/1.6.0.jdk/Contents/Classes/jce.jar:/System/Library/Java/JavaVirtualMachines/1.6.0.jdk/Contents/Classes/charsets.jar:/Users/thaiyoshi/.rvm/rubies/jruby-1.6.4/lib/jruby.jar
Fri Sep 30 17:30:54 PDT 2011: Class Path: 
Fri Sep 30 17:30:54 PDT 2011: Library Path: .:/Library/Java/Extensions:/System/Library/Java/Extensions:/usr/lib/java
Fri Sep 30 17:30:54 PDT 2011: Garbage Collector: ParNew: [Par Eden Space, Par Survivor Space]
Fri Sep 30 17:30:54 PDT 2011: Garbage Collector: ConcurrentMarkSweep: [Par Eden Space, Par Survivor Space, CMS Old Gen, CMS Perm Gen]
Fri Sep 30 17:30:54 PDT 2011: VM Arguments: [-Dfile.encoding=UTF-8, -Djdk.home=, -Djruby.home=/Users/thaiyoshi/.rvm/rubies/jruby-1.6.4, -Djruby.script=jruby, -Djruby.shell=/bin/sh, -Djffi.boot.library.path=/Users/thaiyoshi/.rvm/rubies/jruby-1.6.4/lib/native/Darwin, -Xmx500m, -Xss2048k, -Djruby.memory.max=500m, -Djruby.stack.max=2048k, -Xbootclasspath/a:/Users/thaiyoshi/.rvm/rubies/jruby-1.6.4/lib/jruby.jar]
Fri Sep 30 17:30:54 PDT 2011: 
Fri Sep 30 17:30:54 PDT 2011: adaptive_cache_heap_ratio=0.77
Fri Sep 30 17:30:54 PDT 2011: adaptive_cache_manager_decrease_ratio=1.15
Fri Sep 30 17:30:54 PDT 2011: adaptive_cache_manager_increase_ratio=1.1
Fri Sep 30 17:30:54 PDT 2011: adaptive_cache_worker_sleep_time=3000
Fri Sep 30 17:30:54 PDT 2011: create=true
Fri Sep 30 17:30:54 PDT 2011: dir=/Users/thaiyoshi/src/techgraph/db/lucene-fulltext
Fri Sep 30 17:30:54 PDT 2011: enable_remote_shell=port=9332
Fri Sep 30 17:30:54 PDT 2011: enable_rules=YES
Fri Sep 30 17:30:54 PDT 2011: ha.db=NO
Fri Sep 30 17:30:54 PDT 2011: ha.machine_id=2
Fri Sep 30 17:30:54 PDT 2011: ha.server=localhost:6002
Fri Sep 30 17:30:54 PDT 2011: ha.zoo_keeper_servers=localhost:2181,localhost:2182,localhost:2183
Fri Sep 30 17:30:54 PDT 2011: logical_log=/Users/thaiyoshi/src/techgraph/db/nioneo_logical.log
Fri Sep 30 17:30:54 PDT 2011: max_node_cache_size=1500
Fri Sep 30 17:30:54 PDT 2011: max_relationship_cache_size=3500
Fri Sep 30 17:30:54 PDT 2011: migration_thread=NO
Fri Sep 30 17:30:54 PDT 2011: min_node_cache_size=0
Fri Sep 30 17:30:54 PDT 2011: min_relationship_cache_size=0
Fri Sep 30 17:30:54 PDT 2011: neo_store=/Users/thaiyoshi/src/techgraph/db/neostore
Fri Sep 30 17:30:54 PDT 2011: neostore.nodestore.db.mapped_memory=25M
Fri Sep 30 17:30:54 PDT 2011: neostore.propertystore.db.arrays.mapped_memory=130M
Fri Sep 30 17:30:54 PDT 2011: neostore.propertystore.db.index.keys.mapped_memory=1M
Fri Sep 30 17:30:54 PDT 2011: neostore.propertystore.db.index.mapped_memory=1M
Fri Sep 30 17:30:54 PDT 2011: neostore.propertystore.db.mapped_memory=90M
Fri Sep 30 17:30:54 PDT 2011: neostore.propertystore.db.strings.mapped_memory=130M
Fri Sep 30 17:30:54 PDT 2011: neostore.relationshipstore.db.mapped_memory=50M
Fri Sep 30 17:30:54 PDT 2011: node_auto_indexing=false
Fri Sep 30 17:30:54 PDT 2011: online_backup_enabled=NO
Fri Sep 30 17:30:54 PDT 2011: rebuild_idgenerators_fast=true
Fri Sep 30 17:30:54 PDT 2011: relationship_auto_indexing=false
Fri Sep 30 17:30:54 PDT 2011: storage_path=db
Fri Sep 30 17:30:54 PDT 2011: store_dir=/Users/thaiyoshi/src/techgraph/db
Fri Sep 30 17:30:54 PDT 2011: timestamps=YES
Fri Sep 30 17:30:54 PDT 2011: use_adaptive_cache=YES
Fri Sep 30 17:30:54 PDT 2011: use_memory_mapped_buffers=true
Fri Sep 30 17:30:54 PDT 2011: --- CONFIGURATION END ---
Fri Sep 30 17:30:54 PDT 2011: Extension org.neo4j.kernel.KernelExtension[kernel jmx] loaded ok
Fri Sep 30 17:30:55 PDT 2011: Extension org.neo4j.kernel.KernelExtension[shell] loaded ok
Fri Sep 30 17:39:03 PDT 2011: /Users/thaiyoshi/src/techgraph/db/neostore non clean shutdown detected
Fri Sep 30 17:39:03 PDT 2011: /Users/thaiyoshi/src/techgraph/db/neostore.relationshiptypestore.db non clean shutdown detected
Fri Sep 30 17:39:03 PDT 2011: /Users/thaiyoshi/src/techgraph/db/neostore.relationshiptypestore.db.names non clean shutdown detected
Fri Sep 30 17:39:03 PDT 2011: /Users/thaiyoshi/src/techgraph/db/neostore.propertystore.db non clean shutdown detected
Fri Sep 30 17:39:03 PDT 2011: /Users/thaiyoshi/src/techgraph/db/neostore.propertystore.db.strings non clean shutdown detected
Fri Sep 30 17:39:03 PDT 2011: /Users/thaiyoshi/src/techgraph/db/neostore.propertystore.db.index non clean shutdown detected
Fri Sep 30 17:39:03 PDT 2011: /Users/thaiyoshi/src/techgraph/db/neostore.propertystore.db.index.keys non clean shutdown detected
Fri Sep 30 17:39:03 PDT 2011: /Users/thaiyoshi/src/techgraph/db/neostore.propertystore.db.arrays non clean shutdown detected
Fri Sep 30 17:39:03 PDT 2011: /Users/thaiyoshi/src/techgraph/db/neostore.relationshipstore.db non clean shutdown detected
Fri Sep 30 17:39:03 PDT 2011: /Users/thaiyoshi/src/techgraph/db/neostore.nodestore.db non clean shutdown detected
Fri Sep 30 17:39:03 PDT 2011: Non clean shutdown detected on log [/Users/thaiyoshi/src/techgraph/db/nioneo_logical.log.1]. Recovery started ...
Fri Sep 30 17:39:03 PDT 2011: [/Users/thaiyoshi/src/techgraph/db/nioneo_logical.log.1] logVersion=0 with committed tx=1
Fri Sep 30 17:39:03 PDT 2011: Injected one phase commit, txId=2
Fri Sep 30 17:39:03 PDT 2011: Injected one phase commit, txId=3
Fri Sep 30 17:39:03 PDT 2011: Injected one phase commit, txId=4
Fri Sep 30 17:39:03 PDT 2011: Injected one phase commit, txId=5
Fri Sep 30 17:39:03 PDT 2011: [/Users/thaiyoshi/src/techgraph/db/nioneo_logical.log.1] entries found=20 lastEntryPos=809
Fri Sep 30 17:39:03 PDT 2011: XaResourceManager[/Users/thaiyoshi/src/techgraph/db/nioneo_logical.log] sorting 1 xids
Fri Sep 30 17:39:03 PDT 2011: XaResourceManager[/Users/thaiyoshi/src/techgraph/db/nioneo_logical.log] checkRecoveryComplete 0 xids
Fri Sep 30 17:39:03 PDT 2011: /Users/thaiyoshi/src/techgraph/db/neostore.relationshiptypestore.db.names rebuild id generator, highId=4 defragged count=0
Fri Sep 30 17:39:03 PDT 2011: /Users/thaiyoshi/src/techgraph/db/neostore.propertystore.db.index.keys rebuild id generator, highId=1 defragged count=0
Fri Sep 30 17:39:03 PDT 2011: /Users/thaiyoshi/src/techgraph/db/neostore.propertystore.db.index rebuild id generator, highId=1 defragged count=0
Fri Sep 30 17:39:03 PDT 2011: /Users/thaiyoshi/src/techgraph/db/neostore.propertystore.db.strings rebuild id generator, highId=1 defragged count=0
Fri Sep 30 17:39:03 PDT 2011: /Users/thaiyoshi/src/techgraph/db/neostore.propertystore.db.arrays rebuild id generator, highId=1 defragged count=0
Fri Sep 30 17:39:03 PDT 2011: /Users/thaiyoshi/src/techgraph/db/neostore.propertystore.db rebuild id generator, highId=1 defragged count=0
Fri Sep 30 17:39:04 PDT 2011: /Users/thaiyoshi/src/techgraph/db/neostore.relationshipstore.db rebuild id generator, highId=2 defragged count=0
Fri Sep 30 17:39:04 PDT 2011: /Users/thaiyoshi/src/techgraph/db/neostore.nodestore.db rebuild id generator, highId=3 defragged count=0
Fri Sep 30 17:39:04 PDT 2011: /Users/thaiyoshi/src/techgraph/db/neostore rebuild id generator, highId=4 defragged count=0
Fri Sep 30 17:39:04 PDT 2011: XaResourceManager[/Users/thaiyoshi/src/techgraph/db/nioneo_logical.log] recovery completed.
Fri Sep 30 17:39:04 PDT 2011: Recovery on log [/Users/thaiyoshi/src/techgraph/db/nioneo_logical.log.1] completed.
Fri Sep 30 17:39:04 PDT 2011: Non clean shutdown detected on log [/Users/thaiyoshi/src/techgraph/db/lucene/lucene.log.1]. Recovery started ...
Fri Sep 30 17:39:04 PDT 2011: [/Users/thaiyoshi/src/techgraph/db/lucene/lucene.log.1] logVersion=0 with committed tx=1
Fri Sep 30 17:39:04 PDT 2011: [/Users/thaiyoshi/src/techgraph/db/lucene/lucene.log.1] entries found=0 lastEntryPos=16
Fri Sep 30 17:39:04 PDT 2011: XaResourceManager[/Users/thaiyoshi/src/techgraph/db/lucene/lucene.log] sorting 0 xids
Fri Sep 30 17:39:04 PDT 2011: XaResourceManager[/Users/thaiyoshi/src/techgraph/db/lucene/lucene.log] checkRecoveryComplete 0 xids
Fri Sep 30 17:39:04 PDT 2011: XaResourceManager[/Users/thaiyoshi/src/techgraph/db/lucene/lucene.log] recovery completed.
Fri Sep 30 17:39:04 PDT 2011: Recovery on log [/Users/thaiyoshi/src/techgraph/db/lucene/lucene.log.1] completed.
Fri Sep 30 17:39:04 PDT 2011: Non clean shutdown detected on log [/Users/thaiyoshi/src/techgraph/db/lucene-fulltext/lucene.log.1]. Recovery started ...
Fri Sep 30 17:39:04 PDT 2011: [/Users/thaiyoshi/src/techgraph/db/lucene-fulltext/lucene.log.1] logVersion=0 with committed tx=1
Fri Sep 30 17:39:04 PDT 2011: [/Users/thaiyoshi/src/techgraph/db/lucene-fulltext/lucene.log.1] entries found=0 lastEntryPos=16
Fri Sep 30 17:39:04 PDT 2011: XaResourceManager[/Users/thaiyoshi/src/techgraph/db/lucene-fulltext/lucene.log] sorting 0 xids
Fri Sep 30 17:39:04 PDT 2011: XaResourceManager[/Users/thaiyoshi/src/techgraph/db/lucene-fulltext/lucene.log] checkRecoveryComplete 0 xids
Fri Sep 30 17:39:04 PDT 2011: XaResourceManager[/Users/thaiyoshi/src/techgraph/db/lucene-fulltext/lucene.log] recovery completed.
Fri Sep 30 17:39:04 PDT 2011: Recovery on log [/Users/thaiyoshi/src/techgraph/db/lucene-fulltext/lucene.log.1] completed.
Fri Sep 30 17:39:04 PDT 2011: Non clean shutdown detected on log [/Users/thaiyoshi/src/techgraph/db/index/lucene.log.1]. Recovery started ...
Fri Sep 30 17:39:04 PDT 2011: [/Users/thaiyoshi/src/techgraph/db/index/lucene.log.1] logVersion=0 with committed tx=1
Fri Sep 30 17:39:04 PDT 2011: [/Users/thaiyoshi/src/techgraph/db/index/lucene.log.1] entries found=0 lastEntryPos=16
Fri Sep 30 17:39:04 PDT 2011: XaResourceManager[/Users/thaiyoshi/src/techgraph/db/index/lucene.log] sorting 0 xids
Fri Sep 30 17:39:04 PDT 2011: XaResourceManager[/Users/thaiyoshi/src/techgraph/db/index/lucene.log] checkRecoveryComplete 0 xids
Fri Sep 30 17:39:04 PDT 2011: XaResourceManager[/Users/thaiyoshi/src/techgraph/db/index/lucene.log] recovery completed.
Fri Sep 30 17:39:04 PDT 2011: Recovery on log [/Users/thaiyoshi/src/techgraph/db/index/lucene.log.1] completed.
Fri Sep 30 17:39:04 PDT 2011: TM opening log: /Users/thaiyoshi/src/techgraph/db/tm_tx_log.1
Fri Sep 30 17:39:04 PDT 2011: --- CONFIGURATION START ---
Fri Sep 30 17:39:04 PDT 2011: Physical mem: 8192MB, Heap size: 493MB
Fri Sep 30 17:39:04 PDT 2011: Kernel version: Neo4j - Graph Database Kernel 1.4.1
Fri Sep 30 17:39:04 PDT 2011: Neo4j - Graph Database Kernel 1.4.1
Fri Sep 30 17:39:04 PDT 2011: Operating System: Mac OS X; version: 10.7.1; arch: x86_64; cpus: 4
Fri Sep 30 17:39:04 PDT 2011: VM Name: Java HotSpot(TM) 64-Bit Server VM
Fri Sep 30 17:39:04 PDT 2011: VM Vendor: Apple Inc.
Fri Sep 30 17:39:04 PDT 2011: VM Version: 20.1-b02-383
Fri Sep 30 17:39:04 PDT 2011: Boot Class Path: /System/Library/Java/JavaVirtualMachines/1.6.0.jdk/Contents/Classes/jsfd.jar:/System/Library/Java/JavaVirtualMachines/1.6.0.jdk/Contents/Classes/classes.jar:/System/Library/Frameworks/JavaVM.framework/Frameworks/JavaRuntimeSupport.framework/Resources/Java/JavaRuntimeSupport.jar:/System/Library/Java/JavaVirtualMachines/1.6.0.jdk/Contents/Classes/ui.jar:/System/Library/Java/JavaVirtualMachines/1.6.0.jdk/Contents/Classes/laf.jar:/System/Library/Java/JavaVirtualMachines/1.6.0.jdk/Contents/Classes/sunrsasign.jar:/System/Library/Java/JavaVirtualMachines/1.6.0.jdk/Contents/Classes/jsse.jar:/System/Library/Java/JavaVirtualMachines/1.6.0.jdk/Contents/Classes/jce.jar:/System/Library/Java/JavaVirtualMachines/1.6.0.jdk/Contents/Classes/charsets.jar:/Users/thaiyoshi/.rvm/rubies/jruby-1.6.4/lib/jruby.jar
Fri Sep 30 17:39:04 PDT 2011: Class Path: 
Fri Sep 30 17:39:04 PDT 2011: Library Path: .:/Library/Java/Extensions:/System/Library/Java/Extensions:/usr/lib/java
Fri Sep 30 17:39:04 PDT 2011: Garbage Collector: ParNew: [Par Eden Space, Par Survivor Space]
Fri Sep 30 17:39:04 PDT 2011: Garbage Collector: ConcurrentMarkSweep: [Par Eden Space, Par Survivor Space, CMS Old Gen, CMS Perm Gen]
Fri Sep 30 17:39:04 PDT 2011: VM Arguments: [-Dfile.encoding=UTF-8, -Djdk.home=, -Djruby.home=/Users/thaiyoshi/.rvm/rubies/jruby-1.6.4, -Djruby.script=jruby, -Djruby.shell=/bin/sh, -Djffi.boot.library.path=/Users/thaiyoshi/.rvm/rubies/jruby-1.6.4/lib/native/Darwin, -Xmx500m, -Xss2048k, -Djruby.memory.max=500m, -Djruby.stack.max=2048k, -Xbootclasspath/a:/Users/thaiyoshi/.rvm/rubies/jruby-1.6.4/lib/jruby.jar]
Fri Sep 30 17:39:04 PDT 2011: 
Fri Sep 30 17:39:04 PDT 2011: adaptive_cache_heap_ratio=0.77
Fri Sep 30 17:39:04 PDT 2011: adaptive_cache_manager_decrease_ratio=1.15
Fri Sep 30 17:39:04 PDT 2011: adaptive_cache_manager_increase_ratio=1.1
Fri Sep 30 17:39:04 PDT 2011: adaptive_cache_worker_sleep_time=3000
Fri Sep 30 17:39:04 PDT 2011: create=true
Fri Sep 30 17:39:04 PDT 2011: dir=/Users/thaiyoshi/src/techgraph/db/lucene-fulltext
Fri Sep 30 17:39:04 PDT 2011: enable_remote_shell=port=9332
Fri Sep 30 17:39:04 PDT 2011: enable_rules=YES
Fri Sep 30 17:39:04 PDT 2011: ha.db=NO
Fri Sep 30 17:39:04 PDT 2011: ha.machine_id=2
Fri Sep 30 17:39:04 PDT 2011: ha.server=localhost:6002
Fri Sep 30 17:39:04 PDT 2011: ha.zoo_keeper_servers=localhost:2181,localhost:2182,localhost:2183
Fri Sep 30 17:39:04 PDT 2011: logical_log=/Users/thaiyoshi/src/techgraph/db/nioneo_logical.log
Fri Sep 30 17:39:04 PDT 2011: max_node_cache_size=1500
Fri Sep 30 17:39:04 PDT 2011: max_relationship_cache_size=3500
Fri Sep 30 17:39:04 PDT 2011: migration_thread=NO
Fri Sep 30 17:39:04 PDT 2011: min_node_cache_size=0
Fri Sep 30 17:39:04 PDT 2011: min_relationship_cache_size=0
Fri Sep 30 17:39:04 PDT 2011: neo_store=/Users/thaiyoshi/src/techgraph/db/neostore
Fri Sep 30 17:39:04 PDT 2011: neostore.nodestore.db.mapped_memory=25M
Fri Sep 30 17:39:04 PDT 2011: neostore.propertystore.db.arrays.mapped_memory=130M
Fri Sep 30 17:39:04 PDT 2011: neostore.propertystore.db.index.keys.mapped_memory=1M
Fri Sep 30 17:39:04 PDT 2011: neostore.propertystore.db.index.mapped_memory=1M
Fri Sep 30 17:39:04 PDT 2011: neostore.propertystore.db.mapped_memory=90M
Fri Sep 30 17:39:04 PDT 2011: neostore.propertystore.db.strings.mapped_memory=130M
Fri Sep 30 17:39:04 PDT 2011: neostore.relationshipstore.db.mapped_memory=50M
Fri Sep 30 17:39:04 PDT 2011: node_auto_indexing=false
Fri Sep 30 17:39:04 PDT 2011: online_backup_enabled=NO
Fri Sep 30 17:39:04 PDT 2011: rebuild_idgenerators_fast=true
Fri Sep 30 17:39:04 PDT 2011: relationship_auto_indexing=false
Fri Sep 30 17:39:04 PDT 2011: storage_path=db
Fri Sep 30 17:39:04 PDT 2011: store_dir=/Users/thaiyoshi/src/techgraph/db
Fri Sep 30 17:39:04 PDT 2011: timestamps=YES
Fri Sep 30 17:39:04 PDT 2011: use_adaptive_cache=YES
Fri Sep 30 17:39:04 PDT 2011: use_memory_mapped_buffers=true
Fri Sep 30 17:39:04 PDT 2011: --- CONFIGURATION END ---
Fri Sep 30 17:39:04 PDT 2011: Extension org.neo4j.kernel.KernelExtension[kernel jmx] loaded ok
Fri Sep 30 17:39:04 PDT 2011: Extension org.neo4j.kernel.KernelExtension[shell] loaded ok
Fri Sep 30 17:53:05 PDT 2011: Closed log /Users/thaiyoshi/src/techgraph/db/nioneo_logical.log
Fri Sep 30 17:53:05 PDT 2011: NeoStore closed
Fri Sep 30 17:53:05 PDT 2011: Closed log /Users/thaiyoshi/src/techgraph/db/index/lucene.log
Fri Sep 30 17:53:05 PDT 2011: Closed log /Users/thaiyoshi/src/techgraph/db/lucene/lucene.log
Fri Sep 30 17:53:05 PDT 2011: NeoStore closed
Fri Sep 30 17:53:05 PDT 2011: Closed log /Users/thaiyoshi/src/techgraph/db/lucene-fulltext/lucene.log
Fri Sep 30 17:53:05 PDT 2011: TM shutting down
